<?xml version="1.0" encoding="UTF-8"?>
<testsuite xmlns:xsi="http://www.w3.org/2001/XMLSchema-instance" xsi:noNamespaceSchemaLocation="https://maven.apache.org/surefire/maven-surefire-plugin/xsd/surefire-test-report.xsd" version="3.0.2" name="com.example.pismo_challenge.Service.AccountServiceTest" time="1.582" tests="13" errors="0" skipped="0" failures="0" flakes="0">
  <properties>
[...]
</properties>
  <testcase name="updateTotalAmount_ShouldAddPositiveAmountAndKeepNoPendingSituation" classname="com.example.pismo_challenge.Service.AccountServiceTest" time="1.417">
    <system-err><![CDATA[Mockito is currently self-attaching to enable the inline-mock-maker. This will no longer work in future releases of the JDK. Please add Mockito as an agent to your build as described in Mockito's documentation: https://javadoc.io/doc/org.mockito/mockito-core/latest/org.mockito/org/mockito/Mockito.html#0.3
WARNING: A Java agent has been loaded dynamically (/home/vinicius/.m2/repository/net/bytebuddy/byte-buddy-agent/1.17.8/byte-buddy-agent-1.17.8.jar)
WARNING: If a serviceability tool is in use, please run with -XX:+EnableDynamicAgentLoading to hide this warning
WARNING: If a serviceability tool is not in use, please run with -Djdk.instrument.traceUsage for more information
WARNING: Dynamic loading of agents will be disallowed by default in a future release
]]></system-err>
  </testcase>
  <testcase name="freezeAccount_ShouldSetStatusToInactiveAndSave_WhenAccountExists" classname="com.example.pismo_challenge.Service.AccountServiceTest" time="0.01"/>
  <testcase name="createAccount_ShouldThrowIllegalStateException_WhenClientIsDeceased" classname="com.example.pismo_challenge.Service.AccountServiceTest" time="0.018"/>
  <testcase name="isValidAccountToTransact_ShouldReturnCanTransactValue_WhenFound" classname="com.example.pismo_challenge.Service.AccountServiceTest" time="0.007"/>
  <testcase name="createAccount_ShouldThrowEntityExistsException_WhenAccountAlreadyExists" classname="com.example.pismo_challenge.Service.AccountServiceTest" time="0.011"/>
  <testcase name="updateTotalAmount_ShouldSubtractNegativeAmountAndKeepNoPendingSituation_WhenResultIsPositive" classname="com.example.pismo_challenge.Service.AccountServiceTest" time="0.008"/>
  <testcase name="createAccount_ShouldSaveAndReturnResponse_WhenValidRequest" classname="com.example.pismo_challenge.Service.AccountServiceTest" time="0.013"/>
  <testcase name="updateTotalAmount_ShouldSubtractNegativeAmountAndSetPendingSituation_WhenResultIsNegative" classname="com.example.pismo_challenge.Service.AccountServiceTest" time="0.006"/>
  <testcase name="updateTotalAmount_ShouldDoNothing_WhenAccountNotFound" classname="com.example.pismo_challenge.Service.AccountServiceTest" time="0.007"/>
  <testcase name="getAccountById_ShouldReturnResponse_WhenFound" classname="com.example.pismo_challenge.Service.AccountServiceTest" time="0.007"/>
  <testcase name="getAccountById_ShouldThrowEntityNotFoundException_WhenNotFound" classname="com.example.pismo_challenge.Service.AccountServiceTest" time="0.005"/>
  <testcase name="freezeAccount_ShouldDoNothing_WhenAccountDoesNotExist" classname="com.example.pismo_challenge.Service.AccountServiceTest" time="0.004"/>
  <testcase name="isValidAccountToTransact_ShouldThrowEntityNotFoundException_WhenNotFound" classname="com.example.pismo_challenge.Service.AccountServiceTest" time="0.006"/>
</testsuite>