<?xml version="1.0" encoding="UTF-8"?>
<testsuite xmlns:xsi="http://www.w3.org/2001/XMLSchema-instance" xsi:noNamespaceSchemaLocation="https://maven.apache.org/surefire/maven-surefire-plugin/xsd/surefire-test-report.xsd" version="3.0.2" name="com.example.pismo_challenge.PismoChallengeApplicationTests" time="6.47" tests="1" errors="0" skipped="0" failures="0" flakes="0">
  <properties>
[...]
</properties>
  <testcase name="contextLoads" classname="com.example.pismo_challenge.PismoChallengeApplicationTests" time="0.016">
    <system-out><![CDATA[15:19:47.240 [main] INFO org.springframework.test.context.support.AnnotationConfigContextLoaderUtils -- Could not detect default configuration classes for test class [com.example.pismo_challenge.PismoChallengeApplicationTests]: PismoChallengeApplicationTests does not declare any static, non-private, non-final, nested classes annotated with @Configuration.
15:19:47.382 [main] INFO org.springframework.boot.test.context.SpringBootTestContextBootstrapper -- Found @SpringBootConfiguration com.example.pismo_challenge.PismoChallengeApplication for test class com.example.pismo_challenge.PismoChallengeApplicationTests

  .   ____          _            __ _ _
 /\\ / ___'_ __ _ _(_)_ __  __ _ \ \ \ \
( ( )\___ | '_ | '_| | '_ \/ _` | \ \ \ \
 \\/  ___)| |_)| | | | | || (_| |  ) ) ) )
  '  |____| .__|_| |_|_| |_\__, | / / / /
 =========|_|==============|___/=/_/_/_/

 :: Spring Boot ::               (v3.5.16)

2026-06-29T15:19:47.995-03:00  INFO 42215 --- [pismo_challenge] [           main] c.e.p.PismoChallengeApplicationTests     : Starting PismoChallengeApplicationTests using Java 25.0.3 with PID 42215 (started by vinicius in /home/vinicius/Downloads/pismo_challenge)
2026-06-29T15:19:47.999-03:00  INFO 42215 --- [pismo_challenge] [           main] c.e.p.PismoChallengeApplicationTests     : No active profile set, falling back to 1 default profile: "default"
2026-06-29T15:19:49.199-03:00  INFO 42215 --- [pismo_challenge] [           main] .s.d.r.c.RepositoryConfigurationDelegate : Bootstrapping Spring Data JPA repositories in DEFAULT mode.
2026-06-29T15:19:49.281-03:00  INFO 42215 --- [pismo_challenge] [           main] .s.d.r.c.RepositoryConfigurationDelegate : Finished Spring Data repository scanning in 67 ms. Found 3 JPA repository interfaces.
2026-06-29T15:19:49.852-03:00  INFO 42215 --- [pismo_challenge] [           main] com.zaxxer.hikari.HikariDataSource       : HikariPool-1 - Starting...
2026-06-29T15:19:50.325-03:00  INFO 42215 --- [pismo_challenge] [           main] com.zaxxer.hikari.pool.HikariPool        : HikariPool-1 - Added connection com.mysql.cj.jdbc.ConnectionImpl@64ef2719
2026-06-29T15:19:50.327-03:00  INFO 42215 --- [pismo_challenge] [           main] com.zaxxer.hikari.HikariDataSource       : HikariPool-1 - Start completed.
2026-06-29T15:19:50.386-03:00  INFO 42215 --- [pismo_challenge] [           main] o.hibernate.jpa.internal.util.LogHelper  : HHH000204: Processing PersistenceUnitInfo [name: default]
2026-06-29T15:19:50.442-03:00  INFO 42215 --- [pismo_challenge] [           main] org.hibernate.Version                    : HHH000412: Hibernate ORM core version 6.6.53.Final
2026-06-29T15:19:50.485-03:00  INFO 42215 --- [pismo_challenge] [           main] o.h.c.internal.RegionFactoryInitiator    : HHH000026: Second-level cache disabled
2026-06-29T15:19:50.647-03:00  INFO 42215 --- [pismo_challenge] [           main] o.s.o.j.p.SpringPersistenceUnitInfo      : No LoadTimeWeaver setup: ignoring JPA class transformer
2026-06-29T15:19:50.794-03:00  INFO 42215 --- [pismo_challenge] [           main] org.hibernate.orm.connections.pooling    : HHH10001005: Database info:
	Database JDBC URL [Connecting through datasource 'HikariDataSource (HikariPool-1)']
	Database driver: undefined/unknown
	Database version: 8.0.46
	Autocommit mode: undefined/unknown
	Isolation level: undefined/unknown
	Minimum pool size: undefined/unknown
	Maximum pool size: undefined/unknown
2026-06-29T15:19:51.636-03:00  INFO 42215 --- [pismo_challenge] [           main] o.h.e.t.j.p.i.JtaPlatformInitiator       : HHH000489: No JTA platform available (set 'hibernate.transaction.jta.platform' to enable JTA platform integration)
2026-06-29T15:19:51.640-03:00  INFO 42215 --- [pismo_challenge] [           main] j.LocalContainerEntityManagerFactoryBean : Initialized JPA EntityManagerFactory for persistence unit 'default'
2026-06-29T15:19:52.786-03:00  WARN 42215 --- [pismo_challenge] [           main] JpaBaseConfiguration$JpaWebConfiguration : spring.jpa.open-in-view is enabled by default. Therefore, database queries may be performed during view rendering. Explicitly configure spring.jpa.open-in-view to disable this warning
2026-06-29T15:19:53.507-03:00  INFO 42215 --- [pismo_challenge] [           main] c.e.p.PismoChallengeApplicationTests     : Started PismoChallengeApplicationTests in 5.931 seconds (process running for 9.516)
2026-06-29T15:19:53.511-03:00  WARN 42215 --- [pismo_challenge] [           main] o.s.core.events.SpringDocAppInitializer  : SpringDoc /v3/api-docs endpoint is enabled by default. To disable it in production, set the property 'springdoc.api-docs.enabled=false'
2026-06-29T15:19:53.511-03:00  WARN 42215 --- [pismo_challenge] [           main] o.s.core.events.SpringDocAppInitializer  : SpringDoc /swagger-ui.html endpoint is enabled by default. To disable it in production, set the property 'springdoc.swagger-ui.enabled=false'
]]></system-out>
  </testcase>
</testsuite>